Change Component Designator: Old Designator=D? New Designator=D1.3
Change Component Designator: Old Designator=D? New Designator=D2.3
Change Component Designator: Old Designator=D? New Designator=D3.3
Change Component Designator: Old Designator=D? New Designator=D4.3
Change Component Designator: Old Designator=K? New Designator=K1.3
Change Component Designator: Old Designator=K? New Designator=K2.3
Change Component Designator: Old Designator=LD? New Designator=LD1.3
Change Component Designator: Old Designator=LD? New Designator=LD2.3
Change Component Designator: Old Designator=P? New Designator=P1.3
Change Component Designator: Old Designator=P? New Designator=P2.3
Change Component Designator: Old Designator=Q? New Designator=Q1.3
Change Component Designator: Old Designator=Q? New Designator=Q2.3
Change Component Designator: Old Designator=R? New Designator=R1.3
Change Component Designator: Old Designator=R? New Designator=R2.3
Change Component Designator: Old Designator=R? New Designator=R3.3
Change Component Designator: Old Designator=R? New Designator=R4.3
Change Component Designator: Old Designator=R? New Designator=R5.3
Change Component Designator: Old Designator=R? New Designator=R6.3
Change Component Designator: Old Designator=R? New Designator=R7.3
Change Component Designator: Old Designator=R? New Designator=R8.3
Change Component Designator: Old Designator=R? New Designator=R9.3
Change Component Designator: Old Designator=R? New Designator=R10.3
