Removed Pin From Net: NetName=AOUT Pin=ESP1.1-4
Added Component: Designator=H1.1(XH2.54M-5)
Add component (AddParameter): Name = "Chung_Loai"; Value = "C?m"; VariantName = "[No Variations]"
Add component (AddParameter): Name = "Don_Vi"; Value = "Con"; VariantName = "[No Variations]"
Add component (AddParameter): Name = "Ghi_Chu"; Value = ""; VariantName = "[No Variations]"
Add component (AddParameter): Name = "Kieu_Chan"; Value = ""; VariantName = "[No Variations]"
Add component (AddParameter): Name = "Ma_Hang"; Value = "MH001298"; VariantName = "[No Variations]"
Add component (AddParameter): Name = "Ten_Linh_Kien"; Value = "Header 5P XH2.54-5P Ð?c Th?ng"; VariantName = "[No Variations]"
Added Component: Designator=J5.1(CON4_78_B4B-PH-K-S(LF)(SN))
Add component (AddParameter): Name = "Alternate Part Number-1"; Value = "NA"; VariantName = "[No Variations]"
Add component (AddParameter): Name = "Case/Package"; Value = "TH"; VariantName = "[No Variations]"
Add component (AddParameter): Name = "Crimp Part Number"; Value = "ASPHSPH24K51"; VariantName = "[No Variations]"
Add component (AddParameter): Name = "Manufacturer"; Value = "JST"; VariantName = "[No Variations]"
Add component (AddParameter): Name = "Manufacturer Part Number"; Value = "B4B-PH-K-S(LF)(SN)"; VariantName = "[No Variations]"
Add component (AddParameter): Name = "Mating Part Number"; Value = "PHR-4"; VariantName = "[No Variations]"
Add component (AddParameter): Name = "Supplier Part Number-1"; Value = "NA"; VariantName = "[No Variations]"
Add component (AddParameter): Name = "Supplier-1"; Value = "SP Road"; VariantName = "[No Variations]"
Added Pin To Net: NetName=AOUT Pin=ESP1.1-7
Added Pin To Net: NetName=GND Pin=H1.1-2
Added Pin To Net: NetName=GND Pin=J5.1-2
Change Net Name : Old Net Name=OUT.DOOR New Net Name=OUT.VALVE
Added Pin To Net: NetName=+3.3V Pin=ESP1.1-16
Added Pin To Net: NetName=+3.3V Pin=J5.1-1
Added Net: Name=+3.3V
Add Net: Net with name "+12V" already exists
Added Pin To Net: NetName=ENA_L Pin=ESP1.1-25
Added Pin To Net: NetName=ENA_L Pin=H1.1-3
Added Net: Name=ENA_L
Added Pin To Net: NetName=ENA Pin=ESP1.1-4
Added Pin To Net: NetName=ENA Pin=J5.1-3
Added Net: Name=ENA
Added Pin To Net: NetName=ENB Pin=ESP1.1-5
Added Pin To Net: NetName=ENB Pin=J5.1-4
Added Net: Name=ENB
Added Pin To Net: NetName=IN1 Pin=ESP1.1-24
Added Pin To Net: NetName=IN1 Pin=H1.1-4
Added Net: Name=IN1
Added Pin To Net: NetName=IN2 Pin=ESP1.1-23
Added Pin To Net: NetName=IN2 Pin=H1.1-5
Added Net: Name=IN2
Added Member To Class: ClassName=BTL_MCU Member=Component H1.1 L298N
Added Member To Class: ClassName=BTL_MCU Member=Component J5.1 ENCODER
Added Member To Class: ClassName=BTL_POWER Member=Component MH2.2 MH_5MMC_3.2MMD
Added Room: Name=BTL_MCU
Added Room: Name=BTL_POWER
Added Room: Name=BTL_RELAY
